<?xml version="1.0" encoding="UTF-8"?>
<testsuite name="HVL.Scheduler.SimulationTest" tests="1" skipped="0" failures="1" errors="0" timestamp="2024-10-02T10:54:13" hostname="EDVARDS_LENOVO" time="0.053">
  <properties/>
  <testcase name="testRR()" classname="HVL.Scheduler.SimulationTest" time="0.053">
    <failure message="java.lang.AssertionError: &#13;&#10;Expected: iterable containing [&quot;T=0 Scheduled: T1 Ready: T2, T3&quot;, &quot;T=1 Scheduled: T2 Ready: T3&quot;, &quot;T=2 Scheduled: T2 Ready: T3&quot;, &quot;T=3 Scheduled: T2 Ready: T3&quot;, &quot;T=4 Scheduled: T2 Ready: T3, T4, T5, T6&quot;, &quot;T=5 Scheduled: T3 Ready: T4, T5, T6, T2&quot;, &quot;T=6 Scheduled: T3 Ready: T4, T5, T6, T2&quot;, &quot;T=7 Scheduled: T2 Ready: T3, T4, T5, T6&quot;, &quot;T=8 Scheduled: T3 Ready: T4, T5, T6&quot;, &quot;T=9 Scheduled: T3 Ready: T4, T5, T6&quot;, &quot;T=10 Scheduled: T3 Ready: T4, T5, T6&quot;, &quot;T=11 Scheduled: T3 Ready: T4, T5, T6&quot;, &quot;T=12 Scheduled: T4 Ready: T5, T6&quot;, &quot;T=13 Scheduled: T4 Ready: T5, T6&quot;, &quot;T=14 Scheduled: T5 Ready: T6, T8, T7&quot;, &quot;T=15 Scheduled: T5 Ready: T6, T8, T7&quot;, &quot;T=16 Scheduled: T5 Ready: T6, T8, T7, T9, T10&quot;, &quot;T=17 Scheduled: T6 Ready: T8, T7, T9, T10&quot;, &quot;T=18 Scheduled: T6 Ready: T8, T7, T9, T10&quot;, &quot;T=19 Scheduled: T6 Ready: T8, T7, T9, T10&quot;, &quot;T=20 Scheduled: T6 Ready: T8, T7, T9, T10&quot;, &quot;T=21 Scheduled: T7 Ready: T8, T9, T10&quot;, &quot;T=22 Scheduled: T7 Ready: T8, T9, T10&quot;, &quot;T=23 Scheduled: T7 Ready: T8, T9, T10&quot;, &quot;T=24 Scheduled: T7 Ready: T8, T9, T10&quot;, &quot;T=25 Scheduled: T8 Ready: T9, T10&quot;, &quot;T=26 Scheduled: T8 Ready: T9, T10&quot;, &quot;T=27 Scheduled: T9 Ready: T10&quot;, &quot;T=28 Scheduled: T9 Ready: T10&quot;, &quot;T=29 Scheduled: T9 Ready: T10&quot;, &quot;T=30 Scheduled: T10 Ready: &quot;, &quot;T=31 Scheduled: T10 Ready: &quot;, &quot;T=32 Scheduled: T10 Ready: &quot;, &quot;T=33 Scheduled: T10 Ready: &quot;]&#13;&#10;     but: item 7: was &quot;T=7 Scheduled: T3 Ready: T4, T5, T6, T2&quot;" type="java.lang.AssertionError">java.lang.AssertionError: 
Expected: iterable containing [&quot;T=0 Scheduled: T1 Ready: T2, T3&quot;, &quot;T=1 Scheduled: T2 Ready: T3&quot;, &quot;T=2 Scheduled: T2 Ready: T3&quot;, &quot;T=3 Scheduled: T2 Ready: T3&quot;, &quot;T=4 Scheduled: T2 Ready: T3, T4, T5, T6&quot;, &quot;T=5 Scheduled: T3 Ready: T4, T5, T6, T2&quot;, &quot;T=6 Scheduled: T3 Ready: T4, T5, T6, T2&quot;, &quot;T=7 Scheduled: T2 Ready: T3, T4, T5, T6&quot;, &quot;T=8 Scheduled: T3 Ready: T4, T5, T6&quot;, &quot;T=9 Scheduled: T3 Ready: T4, T5, T6&quot;, &quot;T=10 Scheduled: T3 Ready: T4, T5, T6&quot;, &quot;T=11 Scheduled: T3 Ready: T4, T5, T6&quot;, &quot;T=12 Scheduled: T4 Ready: T5, T6&quot;, &quot;T=13 Scheduled: T4 Ready: T5, T6&quot;, &quot;T=14 Scheduled: T5 Ready: T6, T8, T7&quot;, &quot;T=15 Scheduled: T5 Ready: T6, T8, T7&quot;, &quot;T=16 Scheduled: T5 Ready: T6, T8, T7, T9, T10&quot;, &quot;T=17 Scheduled: T6 Ready: T8, T7, T9, T10&quot;, &quot;T=18 Scheduled: T6 Ready: T8, T7, T9, T10&quot;, &quot;T=19 Scheduled: T6 Ready: T8, T7, T9, T10&quot;, &quot;T=20 Scheduled: T6 Ready: T8, T7, T9, T10&quot;, &quot;T=21 Scheduled: T7 Ready: T8, T9, T10&quot;, &quot;T=22 Scheduled: T7 Ready: T8, T9, T10&quot;, &quot;T=23 Scheduled: T7 Ready: T8, T9, T10&quot;, &quot;T=24 Scheduled: T7 Ready: T8, T9, T10&quot;, &quot;T=25 Scheduled: T8 Ready: T9, T10&quot;, &quot;T=26 Scheduled: T8 Ready: T9, T10&quot;, &quot;T=27 Scheduled: T9 Ready: T10&quot;, &quot;T=28 Scheduled: T9 Ready: T10&quot;, &quot;T=29 Scheduled: T9 Ready: T10&quot;, &quot;T=30 Scheduled: T10 Ready: &quot;, &quot;T=31 Scheduled: T10 Ready: &quot;, &quot;T=32 Scheduled: T10 Ready: &quot;, &quot;T=33 Scheduled: T10 Ready: &quot;]
     but: item 7: was &quot;T=7 Scheduled: T3 Ready: T4, T5, T6, T2&quot;
	at org.hamcrest.MatcherAssert.assertThat(MatcherAssert.java:20)
	at org.hamcrest.MatcherAssert.assertThat(MatcherAssert.java:6)
	at HVL.Scheduler.SimulationTest.testRR(SimulationTest.java:61)
	at java.base/jdk.internal.reflect.NativeMethodAccessorImpl.invoke0(Native Method)
	at java.base/jdk.internal.reflect.NativeMethodAccessorImpl.invoke(NativeMethodAccessorImpl.java:77)
	at java.base/jdk.internal.reflect.DelegatingMethodAccessorImpl.invoke(DelegatingMethodAccessorImpl.java:43)
	at java.base/java.lang.reflect.Method.invoke(Method.java:568)
	at org.junit.platform.commons.util.ReflectionUtils.invokeMethod(ReflectionUtils.java:728)
	at org.junit.jupiter.engine.execution.MethodInvocation.proceed(MethodInvocation.java:60)
	at org.junit.jupiter.engine.execution.InvocationInterceptorChain$ValidatingInvocation.proceed(InvocationInterceptorChain.java:131)
	at org.junit.jupiter.engine.extension.TimeoutExtension.intercept(TimeoutExtension.java:156)
	at org.junit.jupiter.engine.extension.TimeoutExtension.interceptTestableMethod(TimeoutExtension.java:147)
	at org.junit.jupiter.engine.extension.TimeoutExtension.interceptTestMethod(TimeoutExtension.java:86)
	at org.junit.jupiter.engine.execution.InterceptingExecutableInvoker$ReflectiveInterceptorCall.lambda$ofVoidMethod$0(InterceptingExecutableInvoker.java:103)
	at org.junit.jupiter.engine.execution.InterceptingExecutableInvoker.lambda$invoke$0(InterceptingExecutableInvoker.java:93)
	at org.junit.jupiter.engine.execution.InvocationInterceptorChain$InterceptedInvocation.proceed(InvocationInterceptorChain.java:106)
	at org.junit.jupiter.engine.execution.InvocationInterceptorChain.proceed(InvocationInterceptorChain.java:64)
	at org.junit.jupiter.engine.execution.InvocationInterceptorChain.chainAndInvoke(InvocationInterceptorChain.java:45)
	at org.junit.jupiter.engine.execution.InvocationInterceptorChain.invoke(InvocationInterceptorChain.java:37)
	at org.junit.jupiter.engine.execution.InterceptingExecutableInvoker.invoke(InterceptingExecutableInvoker.java:92)
	at org.junit.jupiter.engine.execution.InterceptingExecutableInvoker.invoke(InterceptingExecutableInvoker.java:86)
	at org.junit.jupiter.engine.descriptor.TestMethodTestDescriptor.lambda$invokeTestMethod$7(TestMethodTestDescriptor.java:218)
	at org.junit.platform.engine.support.hierarchical.ThrowableCollector.execute(ThrowableCollector.java:73)
	at org.junit.jupiter.engine.descriptor.TestMethodTestDescriptor.invokeTestMethod(TestMethodTestDescriptor.java:214)
	at org.junit.jupiter.engine.descriptor.TestMethodTestDescriptor.execute(TestMethodTestDescriptor.java:139)
	at org.junit.jupiter.engine.descriptor.TestMethodTestDescriptor.execute(TestMethodTestDescriptor.java:69)
	at org.junit.platform.engine.support.hierarchical.NodeTestTask.lambda$executeRecursively$6(NodeTestTask.java:151)
	at org.junit.platform.engine.support.hierarchical.ThrowableCollector.execute(ThrowableCollector.java:73)
	at org.junit.platform.engine.support.hierarchical.NodeTestTask.lambda$executeRecursively$8(NodeTestTask.java:141)
	at org.junit.platform.engine.support.hierarchical.Node.around(Node.java:137)
	at org.junit.platform.engine.support.hierarchical.NodeTestTask.lambda$executeRecursively$9(NodeTestTask.java:139)
	at org.junit.platform.engine.support.hierarchical.ThrowableCollector.execute(ThrowableCollector.java:73)
	at org.junit.platform.engine.support.hierarchical.NodeTestTask.executeRecursively(NodeTestTask.java:138)
	at org.junit.platform.engine.support.hierarchical.NodeTestTask.execute(NodeTestTask.java:95)
	at java.base/java.util.ArrayList.forEach(ArrayList.java:1511)
	at org.junit.platform.engine.support.hierarchical.SameThreadHierarchicalTestExecutorService.invokeAll(SameThreadHierarchicalTestExecutorService.java:41)
	at org.junit.platform.engine.support.hierarchical.NodeTestTask.lambda$executeRecursively$6(NodeTestTask.java:155)
	at org.junit.platform.engine.support.hierarchical.ThrowableCollector.execute(ThrowableCollector.java:73)
	at org.junit.platform.engine.support.hierarchical.NodeTestTask.lambda$executeRecursively$8(NodeTestTask.java:141)
	at org.junit.platform.engine.support.hierarchical.Node.around(Node.java:137)
	at org.junit.platform.engine.support.hierarchical.NodeTestTask.lambda$executeRecursively$9(NodeTestTask.java:139)
	at org.junit.platform.engine.support.hierarchical.ThrowableCollector.execute(ThrowableCollector.java:73)
	at org.junit.platform.engine.support.hierarchical.NodeTestTask.executeRecursively(NodeTestTask.java:138)
	at org.junit.platform.engine.support.hierarchical.NodeTestTask.execute(NodeTestTask.java:95)
	at java.base/java.util.ArrayList.forEach(ArrayList.java:1511)
	at org.junit.platform.engine.support.hierarchical.SameThreadHierarchicalTestExecutorService.invokeAll(SameThreadHierarchicalTestExecutorService.java:41)
	at org.junit.platform.engine.support.hierarchical.NodeTestTask.lambda$executeRecursively$6(NodeTestTask.java:155)
	at org.junit.platform.engine.support.hierarchical.ThrowableCollector.execute(ThrowableCollector.java:73)
	at org.junit.platform.engine.support.hierarchical.NodeTestTask.lambda$executeRecursively$8(NodeTestTask.java:141)
	at org.junit.platform.engine.support.hierarchical.Node.around(Node.java:137)
	at org.junit.platform.engine.support.hierarchical.NodeTestTask.lambda$executeRecursively$9(NodeTestTask.java:139)
	at org.junit.platform.engine.support.hierarchical.ThrowableCollector.execute(ThrowableCollector.java:73)
	at org.junit.platform.engine.support.hierarchical.NodeTestTask.executeRecursively(NodeTestTask.java:138)
	at org.junit.platform.engine.support.hierarchical.NodeTestTask.execute(NodeTestTask.java:95)
	at org.junit.platform.engine.support.hierarchical.SameThreadHierarchicalTestExecutorService.submit(SameThreadHierarchicalTestExecutorService.java:35)
	at org.junit.platform.engine.support.hierarchical.HierarchicalTestExecutor.execute(HierarchicalTestExecutor.java:57)
	at org.junit.platform.engine.support.hierarchical.HierarchicalTestEngine.execute(HierarchicalTestEngine.java:54)
	at org.junit.platform.launcher.core.EngineExecutionOrchestrator.execute(EngineExecutionOrchestrator.java:107)
	at org.junit.platform.launcher.core.EngineExecutionOrchestrator.execute(EngineExecutionOrchestrator.java:88)
	at org.junit.platform.launcher.core.EngineExecutionOrchestrator.lambda$execute$0(EngineExecutionOrchestrator.java:54)
	at org.junit.platform.launcher.core.EngineExecutionOrchestrator.withInterceptedStreams(EngineExecutionOrchestrator.java:67)
	at org.junit.platform.launcher.core.EngineExecutionOrchestrator.execute(EngineExecutionOrchestrator.java:52)
	at org.junit.platform.launcher.core.DefaultLauncher.execute(DefaultLauncher.java:114)
	at org.junit.platform.launcher.core.DefaultLauncher.execute(DefaultLauncher.java:86)
	at org.junit.platform.launcher.core.DefaultLauncherSession$DelegatingLauncher.execute(DefaultLauncherSession.java:86)
	at org.junit.platform.launcher.core.SessionPerRequestLauncher.execute(SessionPerRequestLauncher.java:53)
	at org.gradle.api.internal.tasks.testing.junitplatform.JUnitPlatformTestClassProcessor$CollectAllTestClassesExecutor.processAllTestClasses(JUnitPlatformTestClassProcessor.java:99)
	at org.gradle.api.internal.tasks.testing.junitplatform.JUnitPlatformTestClassProcessor$CollectAllTestClassesExecutor.access$000(JUnitPlatformTestClassProcessor.java:79)
	at org.gradle.api.internal.tasks.testing.junitplatform.JUnitPlatformTestClassProcessor.stop(JUnitPlatformTestClassProcessor.java:75)
	at org.gradle.api.internal.tasks.testing.SuiteTestClassProcessor.stop(SuiteTestClassProcessor.java:62)
	at java.base/jdk.internal.reflect.NativeMethodAccessorImpl.invoke0(Native Method)
	at java.base/jdk.internal.reflect.NativeMethodAccessorImpl.invoke(NativeMethodAccessorImpl.java:77)
	at java.base/jdk.internal.reflect.DelegatingMethodAccessorImpl.invoke(DelegatingMethodAccessorImpl.java:43)
	at java.base/java.lang.reflect.Method.invoke(Method.java:568)
	at org.gradle.internal.dispatch.ReflectionDispatch.dispatch(ReflectionDispatch.java:36)
	at org.gradle.internal.dispatch.ReflectionDispatch.dispatch(ReflectionDispatch.java:24)
	at org.gradle.internal.dispatch.ContextClassLoaderDispatch.dispatch(ContextClassLoaderDispatch.java:33)
	at org.gradle.internal.dispatch.ProxyDispatchAdapter$DispatchingInvocationHandler.invoke(ProxyDispatchAdapter.java:94)
	at jdk.proxy1/jdk.proxy1.$Proxy2.stop(Unknown Source)
	at org.gradle.api.internal.tasks.testing.worker.TestWorker$3.run(TestWorker.java:193)
	at org.gradle.api.internal.tasks.testing.worker.TestWorker.executeAndMaintainThreadName(TestWorker.java:129)
	at org.gradle.api.internal.tasks.testing.worker.TestWorker.execute(TestWorker.java:100)
	at org.gradle.api.internal.tasks.testing.worker.TestWorker.execute(TestWorker.java:60)
	at org.gradle.process.internal.worker.child.ActionExecutionWorker.execute(ActionExecutionWorker.java:56)
	at org.gradle.process.internal.worker.child.SystemApplicationClassLoaderWorker.call(SystemApplicationClassLoaderWorker.java:113)
	at org.gradle.process.internal.worker.child.SystemApplicationClassLoaderWorker.call(SystemApplicationClassLoaderWorker.java:65)
	at worker.org.gradle.process.internal.worker.GradleWorkerMain.run(GradleWorkerMain.java:69)
	at worker.org.gradle.process.internal.worker.GradleWorkerMain.main(GradleWorkerMain.java:74)
</failure>
  </testcase>
  <system-out><![CDATA[T=0 Scheduled: T1 Ready: T2, T3
T=1 Scheduled: T2 Ready: T3
T=2 Scheduled: T2 Ready: T3
T=3 Scheduled: T2 Ready: T3
T=4 Scheduled: T2 Ready: T3, T4, T5, T6
T=5 Scheduled: T3 Ready: T4, T5, T6, T2
T=6 Scheduled: T3 Ready: T4, T5, T6, T2
T=7 Scheduled: T3 Ready: T4, T5, T6, T2
T=8 Scheduled: T4 Ready: T5, T6, T2
T=9 Scheduled: T4 Ready: T5, T6, T2
T=10 Scheduled: T5 Ready: T6, T2
T=11 Scheduled: T5 Ready: T6, T2
T=12 Scheduled: T5 Ready: T6, T2
T=13 Scheduled: T5 Ready: T6, T2
T=14 Scheduled: T6 Ready: T2, T7, T8
T=15 Scheduled: T6 Ready: T2, T7, T8
T=16 Scheduled: T6 Ready: T2, T7, T8, T9, T10
T=17 Scheduled: T6 Ready: T2, T7, T8, T9, T10
T=18 Scheduled: T2 Ready: T7, T8, T9, T10, T6
T=19 Scheduled: T7 Ready: T8, T9, T10, T6
T=20 Scheduled: T7 Ready: T8, T9, T10, T6
T=21 Scheduled: T7 Ready: T8, T9, T10, T6
T=22 Scheduled: T7 Ready: T8, T9, T10, T6
T=23 Scheduled: T8 Ready: T9, T10, T6, T7
T=24 Scheduled: T8 Ready: T9, T10, T6, T7
T=25 Scheduled: T9 Ready: T10, T6, T7
T=26 Scheduled: T10 Ready: T6, T7
T=27 Scheduled: T10 Ready: T6, T7
T=28 Scheduled: T10 Ready: T6, T7
T=29 Scheduled: T10 Ready: T6, T7
T=30 Scheduled: T6 Ready: T7
T=31 Scheduled: T6 Ready: T7
T=32 Scheduled: T7 Ready: 
T=33 Scheduled: Ready: 
]]></system-out>
  <system-err><![CDATA[]]></system-err>
</testsuite>
